<?xml version="1.0" encoding="UTF-8"?>
<!-- Generated by org.testng.reporters.JUnitReportReporter -->
<testsuite skipped="0" hostname="DESKTOP-G2J1RLB" name="com.testCase.icici" tests="1" failures="0" timestamp="2020-10-04T12:44:03 IST" time="32.311" errors="0">
  <testcase name="f" time="32.311" classname="com.testCase.icici"/>
</testsuite> <!-- com.testCase.icici -->
